<?xml version="1.0" encoding="UTF-8"?>
<testsuite xmlns:xsi="http://www.w3.org/2001/XMLSchema-instance" xsi:noNamespaceSchemaLocation="https://maven.apache.org/surefire/maven-surefire-plugin/xsd/surefire-test-report.xsd" name="runner.TestRun" time="1,208.411" tests="23" errors="0" skipped="0" failures="3">
  <properties>
[...]
</properties>
  <testcase name="Verify the text is filtered by the service #1" classname="Validation of the API scenarios on PurgoMalum profanity service" time="91.932"/>
  <testcase name="Verify the text is filtered by the service #2" classname="Validation of the API scenarios on PurgoMalum profanity service" time="80.811"/>
  <testcase name="Verify the text is filtered by the service #3" classname="Validation of the API scenarios on PurgoMalum profanity service" time="89.78"/>
  <testcase name="Validate that profanity text is replaced with fill text #1" classname="Validation of the API scenarios on PurgoMalum profanity service" time="92.418"/>
  <testcase name="Validate that profanity text is replaced with fill text #2" classname="Validation of the API scenarios on PurgoMalum profanity service" time="108.632"/>
  <testcase name="Validate that profanity text is replaced with fill text #3" classname="Validation of the API scenarios on PurgoMalum profanity service" time="108.56"/>
  <testcase name="Validate the service successful response if text has profanity words #1" classname="Validation of the API scenarios on PurgoMalum profanity service" time="95.436"/>
  <testcase name="Validate the service successful response if text has profanity words #2" classname="Validation of the API scenarios on PurgoMalum profanity service" time="84.704"/>
  <testcase name="Validate the service successful response if text has profanity words #3" classname="Validation of the API scenarios on PurgoMalum profanity service" time="81.099"/>
  <testcase name="Validate that service returns false when input text does not contain profanity words #1" classname="Validation of the API scenarios on PurgoMalum profanity service" time="2.756"/>
  <testcase name="Validate that service returns false when input text does not contain profanity words #2" classname="Validation of the API scenarios on PurgoMalum profanity service" time="2.635"/>
  <testcase name="Validate that service returns false when input text does not contain profanity words #3" classname="Validation of the API scenarios on PurgoMalum profanity service" time="3.1"/>
  <testcase name="Validate that service returns error when no input is provided #1" classname="Validation of the API scenarios on PurgoMalum profanity service" time="3.267">
    <failure message="expected:&lt;No Input&gt; but was:&lt;true&gt;" type="java.lang.AssertionError"><![CDATA[java.lang.AssertionError: expected:<No Input> but was:<true>
]]></failure>
    <system-out><![CDATA[
Scenario Outline: Validate that service returns error when no input is provided                 &amp#27;[90m# src/test/resources/features/ApiScenarios.feature:64&amp#27;[0m
  &amp#27;[32mGiven &amp#27;[0m&amp#27;[32mprofanity service is available&amp#27;[0m                                                          &amp#27;[90m# Steps.e2eStepDef.givenProfanityService()&amp#27;[0m
  &amp#27;[31mThen &amp#27;[0m&amp#27;[31merror message is returned in the response when required parameter is not provided in &amp#27;[0m&amp#27;[31m&amp#27;[1mxml&amp#27;[0m &amp#27;[90m# Steps.e2eStepDef.errorMessageReturnedNoInput(java.lang.String)&amp#27;[0m
      &amp#27;[31mjava.lang.AssertionError: expected:<No Input> but was:<true>
	at org.junit.Assert.fail(Assert.java:89)
	at org.junit.Assert.failNotEquals(Assert.java:835)
	at org.junit.Assert.assertEquals(Assert.java:120)
	at org.junit.Assert.assertEquals(Assert.java:146)
	at Steps.e2eStepDef.errorMessageReturnedNoInput(e2eStepDef.java:108)
	at âœ½.error message is returned in the response when required parameter is not provided in xml(file:///C:/APITesting/src/test/resources/features/ApiScenarios.feature:61)
&amp#27;[0m
]]></system-out>
    <system-err><![CDATA[Starting ChromeDriver 92.0.4515.43 (8c61b7e2989f2990d42f859cac71319137787cce-refs/branch-heads/4515@{#306}) on port 26037
Only local connections are allowed.
Please see https://chromedriver.chromium.org/security-considerations for suggestions on keeping ChromeDriver safe.
ChromeDriver was started successfully.
Aug 23, 2021 11:11:45 PM org.openqa.selenium.remote.ProtocolHandshake createSession
INFO: Detected dialect: W3C
]]></system-err>
  </testcase>
  <testcase name="Validate that service returns error when no input is provided #2" classname="Validation of the API scenarios on PurgoMalum profanity service" time="2.779">
    <failure message="expected:&lt;No Input&gt; but was:&lt;true&gt;" type="java.lang.AssertionError"><![CDATA[java.lang.AssertionError: expected:<No Input> but was:<true>
]]></failure>
    <system-out><![CDATA[
Scenario Outline: Validate that service returns error when no input is provided                  &amp#27;[90m# src/test/resources/features/ApiScenarios.feature:65&amp#27;[0m
  &amp#27;[32mGiven &amp#27;[0m&amp#27;[32mprofanity service is available&amp#27;[0m                                                           &amp#27;[90m# Steps.e2eStepDef.givenProfanityService()&amp#27;[0m
  &amp#27;[31mThen &amp#27;[0m&amp#27;[31merror message is returned in the response when required parameter is not provided in &amp#27;[0m&amp#27;[31m&amp#27;[1mjson&amp#27;[0m &amp#27;[90m# Steps.e2eStepDef.errorMessageReturnedNoInput(java.lang.String)&amp#27;[0m
      &amp#27;[31mjava.lang.AssertionError: expected:<No Input> but was:<true>
	at org.junit.Assert.fail(Assert.java:89)
	at org.junit.Assert.failNotEquals(Assert.java:835)
	at org.junit.Assert.assertEquals(Assert.java:120)
	at org.junit.Assert.assertEquals(Assert.java:146)
	at Steps.e2eStepDef.errorMessageReturnedNoInput(e2eStepDef.java:108)
	at âœ½.error message is returned in the response when required parameter is not provided in json(file:///C:/APITesting/src/test/resources/features/ApiScenarios.feature:61)
&amp#27;[0m
]]></system-out>
    <system-err><![CDATA[Starting ChromeDriver 92.0.4515.43 (8c61b7e2989f2990d42f859cac71319137787cce-refs/branch-heads/4515@{#306}) on port 45744
Only local connections are allowed.
Please see https://chromedriver.chromium.org/security-considerations for suggestions on keeping ChromeDriver safe.
ChromeDriver was started successfully.
Aug 23, 2021 11:11:48 PM org.openqa.selenium.remote.ProtocolHandshake createSession
INFO: Detected dialect: W3C
]]></system-err>
  </testcase>
  <testcase name="Validate that service returns error when no input is provided #3" classname="Validation of the API scenarios on PurgoMalum profanity service" time="2.669">
    <failure message="expected:&lt;No Input&gt; but was:&lt;true&gt;" type="java.lang.AssertionError"><![CDATA[java.lang.AssertionError: expected:<No Input> but was:<true>
]]></failure>
    <system-out><![CDATA[
Scenario Outline: Validate that service returns error when no input is provided                       &amp#27;[90m# src/test/resources/features/ApiScenarios.feature:66&amp#27;[0m
  &amp#27;[32mGiven &amp#27;[0m&amp#27;[32mprofanity service is available&amp#27;[0m                                                                &amp#27;[90m# Steps.e2eStepDef.givenProfanityService()&amp#27;[0m
  &amp#27;[31mThen &amp#27;[0m&amp#27;[31merror message is returned in the response when required parameter is not provided in &amp#27;[0m&amp#27;[31m&amp#27;[1mplaintext&amp#27;[0m &amp#27;[90m# Steps.e2eStepDef.errorMessageReturnedNoInput(java.lang.String)&amp#27;[0m
      &amp#27;[31mjava.lang.AssertionError: expected:<No Input> but was:<true>
	at org.junit.Assert.fail(Assert.java:89)
	at org.junit.Assert.failNotEquals(Assert.java:835)
	at org.junit.Assert.assertEquals(Assert.java:120)
	at org.junit.Assert.assertEquals(Assert.java:146)
	at Steps.e2eStepDef.errorMessageReturnedNoInput(e2eStepDef.java:108)
	at âœ½.error message is returned in the response when required parameter is not provided in plaintext(file:///C:/APITesting/src/test/resources/features/ApiScenarios.feature:61)
&amp#27;[0m
]]></system-out>
    <system-err><![CDATA[Starting ChromeDriver 92.0.4515.43 (8c61b7e2989f2990d42f859cac71319137787cce-refs/branch-heads/4515@{#306}) on port 41345
Only local connections are allowed.
Please see https://chromedriver.chromium.org/security-considerations for suggestions on keeping ChromeDriver safe.
ChromeDriver was started successfully.
Aug 23, 2021 11:11:51 PM org.openqa.selenium.remote.ProtocolHandshake createSession
INFO: Detected dialect: W3C
]]></system-err>
  </testcase>
  <testcase name="Validation of error handling on the replacement text #1" classname="Validation of the API scenarios on PurgoMalum profanity service" time="3.365"/>
  <testcase name="Validation of error handling on the replacement text #2" classname="Validation of the API scenarios on PurgoMalum profanity service" time="2.701"/>
  <testcase name="Validation of error handling on the replacement text #3" classname="Validation of the API scenarios on PurgoMalum profanity service" time="2.719"/>
  <testcase name="Validation of allowed characters on replacement text #1" classname="Validation of the API scenarios on PurgoMalum profanity service" time="102.525"/>
  <testcase name="Validation of allowed characters on replacement text #2" classname="Validation of the API scenarios on PurgoMalum profanity service" time="109.23"/>
  <testcase name="Validation of allowed characters on replacement text #3" classname="Validation of the API scenarios on PurgoMalum profanity service" time="131.204"/>
  <testcase name="Validation of error message when invalid character is used #1" classname="Validation of the API scenarios on PurgoMalum profanity service" time="2.762"/>
  <testcase name="Validation of error message when invalid character is used #2" classname="Validation of the API scenarios on PurgoMalum profanity service" time="2.655"/>
</testsuite>